# JRE version: Java(TM) SE Runtime Environment (21.0+35) (build 21+35-LTS-2513)
# Java VM: Java HotSpot(TM) 64-Bit Server VM (21+35-LTS-2513, mixed mode, emulated-client, sharing, tiered, compressed oops, compressed class ptrs, g1 gc, bsd-aarch64)
GC Precious Log:
 CardTable entry size: 512
 Card Set container configuration: InlinePtr #cards 5 size 8 Array Of Cards #cards 12 size 40 Howl #buckets 4 coarsen threshold 1843 Howl Bitmap #cards 512 size 80 coarsen threshold 460 Card regions per heap region 1 cards per card region 2048
 CPUs: 8 total, 8 available
 Memory: 8192M
 Large Page Support: Disabled
 NUMA Support: Disabled
 Compressed Oops: Enabled (Zero based)
 Heap Region Size: 1M
 Heap Min Capacity: 8M
 Heap Initial Capacity: 128M
 Heap Max Capacity: 2G
 Pre-touch: Disabled
 Parallel Workers: 8
 Concurrent Workers: 2
 Concurrent Refinement Workers: 8
 Periodic GC: Disabled
Heap:
 garbage-first heap   total 99328K, used 60979K [0x0000000780000000, 0x0000000800000000)
  region size 1024K, 31 young (31744K), 5 survivors (5120K)
 Metaspace       used 83246K, committed 84416K, reserved 1179648K
  class space    used 11606K, committed 12096K, reserved 1048576K
GC Heap History (20 events):
Event: 2091.855 GC heap before
{Heap before GC invocations=111 (full 22):
 garbage-first heap   total 99328K, used 85319K [0x0000000780000000, 0x0000000800000000)
  region size 1024K, 52 young (53248K), 3 survivors (3072K)
 Metaspace       used 82388K, committed 83264K, reserved 1179648K
  class space    used 11544K, committed 11968K, reserved 1048576K
}
Event: 2091.863 GC heap after
{Heap after GC invocations=112 (full 22):
 garbage-first heap   total 99328K, used 39347K [0x0000000780000000, 0x0000000800000000)
  region size 1024K, 6 young (6144K), 6 survivors (6144K)
 Metaspace       used 82388K, committed 83264K, reserved 1179648K
  class space    used 11544K, committed 11968K, reserved 1048576K
}
Event: 2125.901 GC heap before
{Heap before GC invocations=112 (full 22):
 garbage-first heap   total 99328K, used 85427K [0x0000000780000000, 0x0000000800000000)
  region size 1024K, 51 young (52224K), 6 survivors (6144K)
 Metaspace       used 82694K, committed 83584K, reserved 1179648K
  class space    used 11573K, committed 11968K, reserved 1048576K
}
Event: 2125.921 GC heap after
{Heap after GC invocations=113 (full 22):
 garbage-first heap   total 99328K, used 40048K [0x0000000780000000, 0x0000000800000000)
  region size 1024K, 5 young (5120K), 5 survivors (5120K)
 Metaspace       used 82694K, committed 83584K, reserved 1179648K
  class space    used 11573K, committed 11968K, reserved 1048576K
}
Event: 2126.444 GC heap before
{Heap before GC invocations=114 (full 22):
 garbage-first heap   total 99328K, used 86128K [0x0000000780000000, 0x0000000800000000)
  region size 1024K, 50 young (51200K), 5 survivors (5120K)
 Metaspace       used 82803K, committed 83648K, reserved 1179648K
  class space    used 11589K, committed 11968K, reserved 1048576K
}
Event: 2126.448 GC heap after
{Heap after GC invocations=115 (full 22):
 garbage-first heap   total 99328K, used 43868K [0x0000000780000000, 0x0000000800000000)
  region size 1024K, 6 young (6144K), 6 survivors (6144K)
 Metaspace       used 82803K, committed 83648K, reserved 1179648K
  class space    used 11589K, committed 11968K, reserved 1048576K
}
Event: 2166.829 GC heap before
{Heap before GC invocations=115 (full 22):
 garbage-first heap   total 99328K, used 84828K [0x0000000780000000, 0x0000000800000000)
  region size 1024K, 46 young (47104K), 6 survivors (6144K)
 Metaspace       used 83017K, committed 83904K, reserved 1179648K
  class space    used 11602K, committed 12032K, reserved 1048576K
}
Event: 2166.843 GC heap after
{Heap after GC invocations=116 (full 22):
 garbage-first heap   total 99328K, used 43167K [0x0000000780000000, 0x0000000800000000)
  region size 1024K, 2 young (2048K), 2 survivors (2048K)
 Metaspace       used 83017K, committed 83904K, reserved 1179648K
  class space    used 11602K, committed 12032K, reserved 1048576K
}
Event: 2167.193 GC heap before
{Heap before GC invocations=116 (full 22):
 garbage-first heap   total 99328K, used 89247K [0x0000000780000000, 0x0000000800000000)
  region size 1024K, 47 young (48128K), 2 survivors (2048K)
 Metaspace       used 83261K, committed 84160K, reserved 1179648K
  class space    used 11627K, committed 12032K, reserved 1048576K
}
Event: 2167.196 GC heap after
{Heap after GC invocations=117 (full 22):
 garbage-first heap   total 99328K, used 46288K [0x0000000780000000, 0x0000000800000000)
  region size 1024K, 5 young (5120K), 5 survivors (5120K)
 Metaspace       used 83261K, committed 84160K, reserved 1179648K
  class space    used 11627K, committed 12032K, reserved 1048576K
}
Event: 2203.195 GC heap before
{Heap before GC invocations=118 (full 22):
 garbage-first heap   total 99328K, used 87248K [0x0000000780000000, 0x0000000800000000)
  region size 1024K, 45 young (46080K), 5 survivors (5120K)
 Metaspace       used 83272K, committed 84160K, reserved 1179648K
  class space    used 11613K, committed 12032K, reserved 1048576K
}
Event: 2203.203 GC heap after
{Heap after GC invocations=119 (full 22):
 garbage-first heap   total 99328K, used 46637K [0x0000000780000000, 0x0000000800000000)
  region size 1024K, 2 young (2048K), 2 survivors (2048K)
 Metaspace       used 83272K, committed 84160K, reserved 1179648K
  class space    used 11613K, committed 12032K, reserved 1048576K
}
Event: 2203.529 GC heap before
{Heap before GC invocations=119 (full 22):
 garbage-first heap   total 99328K, used 88621K [0x0000000780000000, 0x0000000800000000)
  region size 1024K, 44 young (45056K), 2 survivors (2048K)
 Metaspace       used 83534K, committed 84416K, reserved 1179648K
  class space    used 11642K, committed 12096K, reserved 1048576K
}
Event: 2203.533 GC heap after
{Heap after GC invocations=120 (full 22):
 garbage-first heap   total 99328K, used 47776K [0x0000000780000000, 0x0000000800000000)
  region size 1024K, 5 young (5120K), 5 survivors (5120K)
 Metaspace       used 83534K, committed 84416K, reserved 1179648K
  class space    used 11642K, committed 12096K, reserved 1048576K
}
Event: 2203.837 GC heap before
{Heap before GC invocations=120 (full 22):
 garbage-first heap   total 99328K, used 85664K [0x0000000780000000, 0x0000000800000000)
  region size 1024K, 43 young (44032K), 5 survivors (5120K)
 Metaspace       used 83705K, committed 84608K, reserved 1179648K
  class space    used 11663K, committed 12096K, reserved 1048576K
}
Event: 2203.841 GC heap after
{Heap after GC invocations=121 (full 22):
 garbage-first heap   total 99328K, used 51126K [0x0000000780000000, 0x0000000800000000)
  region size 1024K, 4 young (4096K), 4 survivors (4096K)
 Metaspace       used 83705K, committed 84608K, reserved 1179648K
  class space    used 11663K, committed 12096K, reserved 1048576K
}
Event: 2289.185 GC heap before
{Heap before GC invocations=122 (full 22):
 garbage-first heap   total 99328K, used 84918K [0x0000000780000000, 0x0000000800000000)
  region size 1024K, 38 young (38912K), 4 survivors (4096K)
 Metaspace       used 83734K, committed 84608K, reserved 1179648K
  class space    used 11666K, committed 12096K, reserved 1048576K
}
Event: 2289.281 GC heap after
{Heap after GC invocations=123 (full 23):
 garbage-first heap   total 99328K, used 30883K [0x0000000780000000, 0x0000000800000000)
  region size 1024K, 0 young (0K), 0 survivors (0K)
 Metaspace       used 82923K, committed 84416K, reserved 1179648K
  class space    used 11584K, committed 12096K, reserved 1048576K
}
Event: 2290.216 GC heap before
{Heap before GC invocations=123 (full 23):
 garbage-first heap   total 99328K, used 85155K [0x0000000780000000, 0x0000000800000000)
  region size 1024K, 54 young (55296K), 0 survivors (0K)
 Metaspace       used 83184K, committed 84416K, reserved 1179648K
  class space    used 11612K, committed 12096K, reserved 1048576K
}
Event: 2290.219 GC heap after
{Heap after GC invocations=124 (full 23):
 garbage-first heap   total 99328K, used 35379K [0x0000000780000000, 0x0000000800000000)
  region size 1024K, 5 young (5120K), 5 survivors (5120K)
 Metaspace       used 83184K, committed 84416K, reserved 1179648K
  class space    used 11612K, committed 12096K, reserved 1048576K
}

